[debug] [2023-09-28T16:11:10.622Z] ----------------------------------------------------------------------
[debug] [2023-09-28T16:11:10.624Z] Command:       C:\Program Files\nodejs\node.exe C:\Program Files\nodejs\node_modules\firebase-tools\lib\bin\firebase.js init
[debug] [2023-09-28T16:11:10.625Z] CLI Version:   12.6.1
[debug] [2023-09-28T16:11:10.626Z] Platform:      win32
[debug] [2023-09-28T16:11:10.626Z] Node Version:  v16.13.0
[debug] [2023-09-28T16:11:10.627Z] Time:          Thu Sep 28 2023 12:11:10 GMT-0400 (hora de Venezuela)
[debug] [2023-09-28T16:11:10.628Z] ----------------------------------------------------------------------
[debug] 
[debug] [2023-09-28T16:11:10.635Z] > command requires scopes: ["email","openid","https://www.googleapis.com/auth/cloudplatformprojects.readonly","https://www.googleapis.com/auth/firebase","https://www.googleapis.com/auth/cloud-platform"]
[debug] [2023-09-28T16:11:10.635Z] > authorizing via signed-in user (karaque@kingdeportes.com)
[info] 
     ######## #### ########  ######## ########     ###     ######  ########
     ##        ##  ##     ## ##       ##     ##  ##   ##  ##       ##
     ######    ##  ########  ######   ########  #########  ######  ######
     ##        ##  ##    ##  ##       ##     ## ##     ##       ## ##
     ##       #### ##     ## ######## ########  ##     ##  ######  ########

You're about to initialize a Firebase project in this directory:

  C:\wamp64\www\king-auth

Before we get started, keep in mind:

  * You are currently outside your home directory

[info] 
=== Project Setup
[info] 
[info] First, let's associate this project directory with a Firebase project.
[info] You can create multiple project aliases by running firebase use --add, 
[info] but for now we'll just set up a default project.
[info] 
[info] i  If you want to create a project in a Google Cloud organization or folder, please use "firebase projects:create" instead, and return to this command when you've created the project. 
[debug] [2023-09-28T16:15:50.516Z] >>> [apiv2][query] POST https://cloudresourcemanager.googleapis.com/v1/projects [none]
[debug] [2023-09-28T16:15:50.516Z] >>> [apiv2][body] POST https://cloudresourcemanager.googleapis.com/v1/projects {"projectId":"calculadora","name":"calculadora"}
[debug] [2023-09-28T16:15:51.398Z] <<< [apiv2][status] POST https://cloudresourcemanager.googleapis.com/v1/projects 409
[debug] [2023-09-28T16:15:51.398Z] <<< [apiv2][body] POST https://cloudresourcemanager.googleapis.com/v1/projects {"error":{"code":409,"message":"Requested entity already exists","status":"ALREADY_EXISTS"}}
[debug] [2023-09-28T16:15:52.095Z] FirebaseError: HTTP Error: 409, Requested entity already exists
    at responseToError (C:\Users\USUARIO\AppData\Roaming\nvm\v16.13.0\node_modules\firebase-tools\lib\responseToError.js:49:12)
    at RetryOperation._fn (C:\Users\USUARIO\AppData\Roaming\nvm\v16.13.0\node_modules\firebase-tools\lib\apiv2.js:285:77)
    at processTicksAndRejections (node:internal/process/task_queues:96:5)
[error] 
[error] Error: Failed to create project because there is already a project with ID calculadora. Please try again with a unique project ID.
[debug] [2023-09-28T16:15:59.300Z] ----------------------------------------------------------------------
[debug] [2023-09-28T16:15:59.302Z] Command:       C:\Program Files\nodejs\node.exe C:\Program Files\nodejs\node_modules\firebase-tools\lib\bin\firebase.js init
[debug] [2023-09-28T16:15:59.302Z] CLI Version:   12.6.1
[debug] [2023-09-28T16:15:59.302Z] Platform:      win32
[debug] [2023-09-28T16:15:59.303Z] Node Version:  v16.13.0
[debug] [2023-09-28T16:15:59.303Z] Time:          Thu Sep 28 2023 12:15:59 GMT-0400 (hora de Venezuela)
[debug] [2023-09-28T16:15:59.304Z] ----------------------------------------------------------------------
[debug] 
[debug] [2023-09-28T16:15:59.312Z] > command requires scopes: ["email","openid","https://www.googleapis.com/auth/cloudplatformprojects.readonly","https://www.googleapis.com/auth/firebase","https://www.googleapis.com/auth/cloud-platform"]
[debug] [2023-09-28T16:15:59.312Z] > authorizing via signed-in user (karaque@kingdeportes.com)
[info] 
     ######## #### ########  ######## ########     ###     ######  ########
     ##        ##  ##     ## ##       ##     ##  ##   ##  ##       ##
     ######    ##  ########  ######   ########  #########  ######  ######
     ##        ##  ##    ##  ##       ##     ## ##     ##       ## ##
     ##       #### ##     ## ######## ########  ##     ##  ######  ########

You're about to initialize a Firebase project in this directory:

  C:\wamp64\www\king-auth

Before we get started, keep in mind:

  * You are currently outside your home directory

[info] 
=== Project Setup
[info] 
[info] First, let's associate this project directory with a Firebase project.
[info] You can create multiple project aliases by running firebase use --add, 
[info] but for now we'll just set up a default project.
[info] 
[info] i  If you want to create a project in a Google Cloud organization or folder, please use "firebase projects:create" instead, and return to this command when you've created the project. 
[debug] [2023-09-28T16:16:32.112Z] >>> [apiv2][query] POST https://cloudresourcemanager.googleapis.com/v1/projects [none]
[debug] [2023-09-28T16:16:32.113Z] >>> [apiv2][body] POST https://cloudresourcemanager.googleapis.com/v1/projects {"projectId":"calculadora","name":"calculadora"}
[debug] [2023-09-28T16:16:32.759Z] <<< [apiv2][status] POST https://cloudresourcemanager.googleapis.com/v1/projects 409
[debug] [2023-09-28T16:16:32.759Z] <<< [apiv2][body] POST https://cloudresourcemanager.googleapis.com/v1/projects {"error":{"code":409,"message":"Requested entity already exists","status":"ALREADY_EXISTS"}}
[debug] [2023-09-28T16:16:33.208Z] FirebaseError: HTTP Error: 409, Requested entity already exists
    at responseToError (C:\Users\USUARIO\AppData\Roaming\nvm\v16.13.0\node_modules\firebase-tools\lib\responseToError.js:49:12)
    at RetryOperation._fn (C:\Users\USUARIO\AppData\Roaming\nvm\v16.13.0\node_modules\firebase-tools\lib\apiv2.js:285:77)
    at processTicksAndRejections (node:internal/process/task_queues:96:5)
[error] 
[error] Error: Failed to create project because there is already a project with ID calculadora. Please try again with a unique project ID.
[debug] [2023-09-28T16:16:58.482Z] ----------------------------------------------------------------------
[debug] [2023-09-28T16:16:58.485Z] Command:       C:\Program Files\nodejs\node.exe C:\Program Files\nodejs\node_modules\firebase-tools\lib\bin\firebase.js init
[debug] [2023-09-28T16:16:58.486Z] CLI Version:   12.6.1
[debug] [2023-09-28T16:16:58.486Z] Platform:      win32
[debug] [2023-09-28T16:16:58.487Z] Node Version:  v16.13.0
[debug] [2023-09-28T16:16:58.488Z] Time:          Thu Sep 28 2023 12:16:58 GMT-0400 (hora de Venezuela)
[debug] [2023-09-28T16:16:58.488Z] ----------------------------------------------------------------------
[debug] 
[debug] [2023-09-28T16:16:58.495Z] > command requires scopes: ["email","openid","https://www.googleapis.com/auth/cloudplatformprojects.readonly","https://www.googleapis.com/auth/firebase","https://www.googleapis.com/auth/cloud-platform"]
[debug] [2023-09-28T16:16:58.495Z] > authorizing via signed-in user (karaque@kingdeportes.com)
[info] 
     ######## #### ########  ######## ########     ###     ######  ########
     ##        ##  ##     ## ##       ##     ##  ##   ##  ##       ##
     ######    ##  ########  ######   ########  #########  ######  ######
     ##        ##  ##    ##  ##       ##     ## ##     ##       ## ##
     ##       #### ##     ## ######## ########  ##     ##  ######  ########

You're about to initialize a Firebase project in this directory:

  C:\wamp64\www\king-auth

Before we get started, keep in mind:

  * You are currently outside your home directory

[info] 
=== Project Setup
[info] 
[info] First, let's associate this project directory with a Firebase project.
[info] You can create multiple project aliases by running firebase use --add, 
[info] but for now we'll just set up a default project.
[info] 
[info] i  If you want to create a project in a Google Cloud organization or folder, please use "firebase projects:create" instead, and return to this command when you've created the project. 
[debug] [2023-09-28T16:17:41.333Z] >>> [apiv2][query] POST https://cloudresourcemanager.googleapis.com/v1/projects [none]
[debug] [2023-09-28T16:17:41.334Z] >>> [apiv2][body] POST https://cloudresourcemanager.googleapis.com/v1/projects {"projectId":"caculadora2","name":"calculadora2"}
[debug] [2023-09-28T16:17:42.146Z] <<< [apiv2][status] POST https://cloudresourcemanager.googleapis.com/v1/projects 200
[debug] [2023-09-28T16:17:42.146Z] <<< [apiv2][body] POST https://cloudresourcemanager.googleapis.com/v1/projects {"name":"operations/cp.7806819846589561388"}
[debug] [2023-09-28T16:17:42.147Z] >>> [apiv2][query] GET https://cloudresourcemanager.googleapis.com/v1/operations/cp.7806819846589561388 [none]
[debug] [2023-09-28T16:17:42.894Z] <<< [apiv2][status] GET https://cloudresourcemanager.googleapis.com/v1/operations/cp.7806819846589561388 200
[debug] [2023-09-28T16:17:42.894Z] <<< [apiv2][body] GET https://cloudresourcemanager.googleapis.com/v1/operations/cp.7806819846589561388 {"name":"operations/cp.7806819846589561388"}
[debug] [2023-09-28T16:17:43.403Z] [Project Creation Poller] Retrying task index 0
[debug] [2023-09-28T16:17:43.404Z] >>> [apiv2][query] GET https://cloudresourcemanager.googleapis.com/v1/operations/cp.7806819846589561388 [none]
[debug] [2023-09-28T16:17:44.143Z] <<< [apiv2][status] GET https://cloudresourcemanager.googleapis.com/v1/operations/cp.7806819846589561388 200
[debug] [2023-09-28T16:17:44.143Z] <<< [apiv2][body] GET https://cloudresourcemanager.googleapis.com/v1/operations/cp.7806819846589561388 {"name":"operations/cp.7806819846589561388"}
[debug] [2023-09-28T16:17:45.155Z] [Project Creation Poller] Retrying task index 0
[debug] [2023-09-28T16:17:45.156Z] >>> [apiv2][query] GET https://cloudresourcemanager.googleapis.com/v1/operations/cp.7806819846589561388 [none]
[debug] [2023-09-28T16:17:45.948Z] <<< [apiv2][status] GET https://cloudresourcemanager.googleapis.com/v1/operations/cp.7806819846589561388 200
[debug] [2023-09-28T16:17:45.948Z] <<< [apiv2][body] GET https://cloudresourcemanager.googleapis.com/v1/operations/cp.7806819846589561388 {"name":"operations/cp.7806819846589561388","metadata":{"@type":"type.googleapis.com/google.cloudresourcemanager.v1.ProjectCreationStatus","gettable":true,"ready":true},"done":true,"response":{"@type":"type.googleapis.com/google.cloudresourcemanager.v1.Project","projectNumber":"621408412217","projectId":"caculadora2","lifecycleState":"ACTIVE","name":"calculadora2","createTime":"2023-09-28T16:17:42.308Z","parent":{"type":"organization","id":"623891503297"}}}
[debug] [2023-09-28T16:17:45.949Z] >>> [apiv2][query] POST https://firebase.googleapis.com/v1beta1/projects/caculadora2:addFirebase [none]
[debug] [2023-09-28T16:17:48.871Z] <<< [apiv2][status] POST https://firebase.googleapis.com/v1beta1/projects/caculadora2:addFirebase 200
[debug] [2023-09-28T16:17:48.872Z] <<< [apiv2][body] POST https://firebase.googleapis.com/v1beta1/projects/caculadora2:addFirebase {"name":"operations/workflows/Y2E2M2IzOTUtM2YxNy00ZGM3LThjNjMtMThlNGUyOGE0ZWZk"}
[debug] [2023-09-28T16:17:48.872Z] >>> [apiv2][query] GET https://firebase.googleapis.com/v1beta1/operations/workflows/Y2E2M2IzOTUtM2YxNy00ZGM3LThjNjMtMThlNGUyOGE0ZWZk [none]
[debug] [2023-09-28T16:17:49.624Z] <<< [apiv2][status] GET https://firebase.googleapis.com/v1beta1/operations/workflows/Y2E2M2IzOTUtM2YxNy00ZGM3LThjNjMtMThlNGUyOGE0ZWZk 200
[debug] [2023-09-28T16:17:49.625Z] <<< [apiv2][body] GET https://firebase.googleapis.com/v1beta1/operations/workflows/Y2E2M2IzOTUtM2YxNy00ZGM3LThjNjMtMThlNGUyOGE0ZWZk {"name":"operations/workflows/Y2E2M2IzOTUtM2YxNy00ZGM3LThjNjMtMThlNGUyOGE0ZWZk"}
[debug] [2023-09-28T16:17:50.132Z] [Add Firebase Poller] Retrying task index 0
[debug] [2023-09-28T16:17:50.132Z] >>> [apiv2][query] GET https://firebase.googleapis.com/v1beta1/operations/workflows/Y2E2M2IzOTUtM2YxNy00ZGM3LThjNjMtMThlNGUyOGE0ZWZk [none]
[debug] [2023-09-28T16:17:50.919Z] <<< [apiv2][status] GET https://firebase.googleapis.com/v1beta1/operations/workflows/Y2E2M2IzOTUtM2YxNy00ZGM3LThjNjMtMThlNGUyOGE0ZWZk 200
[debug] [2023-09-28T16:17:50.919Z] <<< [apiv2][body] GET https://firebase.googleapis.com/v1beta1/operations/workflows/Y2E2M2IzOTUtM2YxNy00ZGM3LThjNjMtMThlNGUyOGE0ZWZk {"name":"operations/workflows/Y2E2M2IzOTUtM2YxNy00ZGM3LThjNjMtMThlNGUyOGE0ZWZk"}
[debug] [2023-09-28T16:17:51.931Z] [Add Firebase Poller] Retrying task index 0
[debug] [2023-09-28T16:17:51.931Z] >>> [apiv2][query] GET https://firebase.googleapis.com/v1beta1/operations/workflows/Y2E2M2IzOTUtM2YxNy00ZGM3LThjNjMtMThlNGUyOGE0ZWZk [none]
[debug] [2023-09-28T16:17:52.673Z] <<< [apiv2][status] GET https://firebase.googleapis.com/v1beta1/operations/workflows/Y2E2M2IzOTUtM2YxNy00ZGM3LThjNjMtMThlNGUyOGE0ZWZk 200
[debug] [2023-09-28T16:17:52.673Z] <<< [apiv2][body] GET https://firebase.googleapis.com/v1beta1/operations/workflows/Y2E2M2IzOTUtM2YxNy00ZGM3LThjNjMtMThlNGUyOGE0ZWZk {"name":"operations/workflows/Y2E2M2IzOTUtM2YxNy00ZGM3LThjNjMtMThlNGUyOGE0ZWZk"}
[debug] [2023-09-28T16:17:54.675Z] [Add Firebase Poller] Retrying task index 0
[debug] [2023-09-28T16:17:54.676Z] >>> [apiv2][query] GET https://firebase.googleapis.com/v1beta1/operations/workflows/Y2E2M2IzOTUtM2YxNy00ZGM3LThjNjMtMThlNGUyOGE0ZWZk [none]
[debug] [2023-09-28T16:17:55.316Z] <<< [apiv2][status] GET https://firebase.googleapis.com/v1beta1/operations/workflows/Y2E2M2IzOTUtM2YxNy00ZGM3LThjNjMtMThlNGUyOGE0ZWZk 200
[debug] [2023-09-28T16:17:55.316Z] <<< [apiv2][body] GET https://firebase.googleapis.com/v1beta1/operations/workflows/Y2E2M2IzOTUtM2YxNy00ZGM3LThjNjMtMThlNGUyOGE0ZWZk {"name":"operations/workflows/Y2E2M2IzOTUtM2YxNy00ZGM3LThjNjMtMThlNGUyOGE0ZWZk"}
[debug] [2023-09-28T16:17:59.323Z] [Add Firebase Poller] Retrying task index 0
[debug] [2023-09-28T16:17:59.324Z] >>> [apiv2][query] GET https://firebase.googleapis.com/v1beta1/operations/workflows/Y2E2M2IzOTUtM2YxNy00ZGM3LThjNjMtMThlNGUyOGE0ZWZk [none]
[debug] [2023-09-28T16:18:00.175Z] <<< [apiv2][status] GET https://firebase.googleapis.com/v1beta1/operations/workflows/Y2E2M2IzOTUtM2YxNy00ZGM3LThjNjMtMThlNGUyOGE0ZWZk 200
[debug] [2023-09-28T16:18:00.176Z] <<< [apiv2][body] GET https://firebase.googleapis.com/v1beta1/operations/workflows/Y2E2M2IzOTUtM2YxNy00ZGM3LThjNjMtMThlNGUyOGE0ZWZk {"name":"operations/workflows/Y2E2M2IzOTUtM2YxNy00ZGM3LThjNjMtMThlNGUyOGE0ZWZk","done":true,"response":{"@type":"type.googleapis.com/google.firebase.service.v1beta1.FirebaseProject","projectId":"caculadora2","projectNumber":"621408412217","displayName":"calculadora2","name":"projects/caculadora2","resources":{"hostingSite":"caculadora2"}}}
[info] 
[info] === Your Firebase project is ready! ===
[info] 
[info] Project information:
[info]    - Project ID: caculadora2
[info]    - Project Name: calculadora2
[info] 
[info] Firebase console is available at
[info] https://console.firebase.google.com/project/caculadora2/overview
[info] i  Using project caculadora2 (calculadora2) 
[info] 
=== Functions Setup
[debug] [2023-09-28T16:18:00.188Z] > command requires scopes: ["email","openid","https://www.googleapis.com/auth/cloudplatformprojects.readonly","https://www.googleapis.com/auth/firebase","https://www.googleapis.com/auth/cloud-platform"]
[debug] [2023-09-28T16:18:00.189Z] > authorizing via signed-in user (karaque@kingdeportes.com)
[debug] [2023-09-28T16:18:00.189Z] [iam] checking project caculadora2 for permissions ["firebase.projects.get"]
[debug] [2023-09-28T16:18:00.190Z] >>> [apiv2][query] POST https://cloudresourcemanager.googleapis.com/v1/projects/caculadora2:testIamPermissions [none]
[debug] [2023-09-28T16:18:00.190Z] >>> [apiv2][(partial)header] POST https://cloudresourcemanager.googleapis.com/v1/projects/caculadora2:testIamPermissions x-goog-quota-user=projects/caculadora2
[debug] [2023-09-28T16:18:00.190Z] >>> [apiv2][body] POST https://cloudresourcemanager.googleapis.com/v1/projects/caculadora2:testIamPermissions {"permissions":["firebase.projects.get"]}
[debug] [2023-09-28T16:18:01.128Z] <<< [apiv2][status] POST https://cloudresourcemanager.googleapis.com/v1/projects/caculadora2:testIamPermissions 200
[debug] [2023-09-28T16:18:01.128Z] <<< [apiv2][body] POST https://cloudresourcemanager.googleapis.com/v1/projects/caculadora2:testIamPermissions {"permissions":["firebase.projects.get"]}
[debug] [2023-09-28T16:18:01.129Z] >>> [apiv2][query] GET https://serviceusage.googleapis.com/v1/projects/caculadora2/services/cloudfunctions.googleapis.com [none]
[debug] [2023-09-28T16:18:01.129Z] >>> [apiv2][(partial)header] GET https://serviceusage.googleapis.com/v1/projects/caculadora2/services/cloudfunctions.googleapis.com x-goog-quota-user=projects/caculadora2
[debug] [2023-09-28T16:18:01.131Z] >>> [apiv2][query] GET https://serviceusage.googleapis.com/v1/projects/caculadora2/services/runtimeconfig.googleapis.com [none]
[debug] [2023-09-28T16:18:01.131Z] >>> [apiv2][(partial)header] GET https://serviceusage.googleapis.com/v1/projects/caculadora2/services/runtimeconfig.googleapis.com x-goog-quota-user=projects/caculadora2
[debug] [2023-09-28T16:18:02.427Z] <<< [apiv2][status] GET https://serviceusage.googleapis.com/v1/projects/caculadora2/services/runtimeconfig.googleapis.com 200
[debug] [2023-09-28T16:18:02.427Z] <<< [apiv2][body] GET https://serviceusage.googleapis.com/v1/projects/caculadora2/services/runtimeconfig.googleapis.com [omitted]
[debug] [2023-09-28T16:18:02.501Z] <<< [apiv2][status] GET https://serviceusage.googleapis.com/v1/projects/caculadora2/services/cloudfunctions.googleapis.com 200
[debug] [2023-09-28T16:18:02.501Z] <<< [apiv2][body] GET https://serviceusage.googleapis.com/v1/projects/caculadora2/services/cloudfunctions.googleapis.com [omitted]
[debug] [2023-09-28T16:18:02.502Z] >>> [apiv2][query] POST https://serviceusage.googleapis.com/v1/projects/caculadora2/services/cloudfunctions.googleapis.com:enable [none]
[debug] [2023-09-28T16:18:02.502Z] >>> [apiv2][(partial)header] POST https://serviceusage.googleapis.com/v1/projects/caculadora2/services/cloudfunctions.googleapis.com:enable x-goog-quota-user=projects/caculadora2
[debug] [2023-09-28T16:18:03.986Z] <<< [apiv2][status] POST https://serviceusage.googleapis.com/v1/projects/caculadora2/services/cloudfunctions.googleapis.com:enable 200
[debug] [2023-09-28T16:18:03.986Z] <<< [apiv2][body] POST https://serviceusage.googleapis.com/v1/projects/caculadora2/services/cloudfunctions.googleapis.com:enable [omitted]
[debug] [2023-09-28T16:18:13.990Z] >>> [apiv2][query] GET https://serviceusage.googleapis.com/v1/projects/caculadora2/services/cloudfunctions.googleapis.com [none]
[debug] [2023-09-28T16:18:13.990Z] >>> [apiv2][(partial)header] GET https://serviceusage.googleapis.com/v1/projects/caculadora2/services/cloudfunctions.googleapis.com x-goog-quota-user=projects/caculadora2
[debug] [2023-09-28T16:18:15.246Z] <<< [apiv2][status] GET https://serviceusage.googleapis.com/v1/projects/caculadora2/services/cloudfunctions.googleapis.com 200
[debug] [2023-09-28T16:18:15.246Z] <<< [apiv2][body] GET https://serviceusage.googleapis.com/v1/projects/caculadora2/services/cloudfunctions.googleapis.com [omitted]
[info] Let's create a new codebase for your functions.
[info] A directory corresponding to the codebase will be created in your project
[info] with sample code pre-configured.

[info] See https://firebase.google.com/docs/functions/organize-functions for
[info] more information on organizing your functions using codebases.

[info] Functions can be deployed with firebase deploy.

[info] +  Wrote functions/package.json 
[info] +  Wrote functions/.eslintrc.js 
[info] +  Wrote functions/index.js 
[info] +  Wrote functions/.gitignore 
[info] 
=== Hosting Setup
[info] 
[info] Your public directory is the folder (relative to your project directory) that
[info] will contain Hosting assets to be uploaded with firebase deploy. If you
[info] have a build process for your assets, use your build's output directory.
[info] 
[debug] [2023-09-28T16:19:45.664Z] >>> [apiv2][query] GET https://www.gstatic.com/firebasejs/releases.json [none]
[debug] [2023-09-28T16:19:46.397Z] <<< [apiv2][status] GET https://www.gstatic.com/firebasejs/releases.json 200
[debug] [2023-09-28T16:19:46.398Z] <<< [apiv2][body] GET https://www.gstatic.com/firebasejs/releases.json {"current":{"version":"10.4.0","browserURL":"https://www.gstatic.com/firebasejs/10.4.0/firebase.js","packageURL":"https://www.gstatic.com/firebasejs/10.4.0/firebase.tgz"},"live":{"version":"10.4","browserURL":"https://www.gstatic.com/firebasejs/live/10.4/firebase.js","packageURL":"https://www.gstatic.com/firebasejs/live/10.4/firebase.tgz"},"components":{"analytics":"https://www.gstatic.com/firebasejs/10.4.0/firebase-analytics.js","app":"https://www.gstatic.com/firebasejs/10.4.0/firebase-app.js","app-check":"https://www.gstatic.com/firebasejs/10.4.0/firebase-app-check.js","auth":"https://www.gstatic.com/firebasejs/10.4.0/firebase-auth.js","auth/cordova":"https://www.gstatic.com/firebasejs/10.4.0/firebase-auth/cordova.js","functions":"https://www.gstatic.com/firebasejs/10.4.0/firebase-functions.js","firestore":"https://www.gstatic.com/firebasejs/10.4.0/firebase-firestore.js","firestore/lite":"https://www.gstatic.com/firebasejs/10.4.0/firebase-firestore/lite.js","installations":"https://www.gstatic.com/firebasejs/10.4.0/firebase-installations.js","storage":"https://www.gstatic.com/firebasejs/10.4.0/firebase-storage.js","performance":"https://www.gstatic.com/firebasejs/10.4.0/firebase-performance.js","remote-config":"https://www.gstatic.com/firebasejs/10.4.0/firebase-remote-config.js","messaging":"https://www.gstatic.com/firebasejs/10.4.0/firebase-messaging.js","messaging/sw":"https://www.gstatic.com/firebasejs/10.4.0/firebase-messaging/sw.js","database":"https://www.gstatic.com/firebasejs/10.4.0/firebase-database.js","firestore.memory":"https://www.gstatic.com/firebasejs/10.4.0/firebase-firestore.memory.js"}}
[info] +  Wrote y/index.html 
[info] 
[info] i  Detected a .git folder at C:\wamp64\www\king-auth 
[info] i  Authorizing with GitHub to upload your service account to a GitHub repository's secrets store. 
[info] 
[info] Visit this URL on this device to log in:
[info] https://github.com/login/oauth/authorize?client_id=89cf50f02ac6aaed3484&state=312508183&redirect_uri=http%3A%2F%2Flocalhost%3A9005&scope=read%3Auser%20repo%20public_repo
[info] 
[info] Waiting for authentication...
[debug] [2023-09-28T16:20:01.391Z] >>> [apiv2][query] POST https://github.com/login/oauth/access_token [none]
[debug] [2023-09-28T16:20:01.392Z] >>> [apiv2][body] POST https://github.com/login/oauth/access_token [stream]
[debug] [2023-09-28T16:20:01.842Z] <<< [apiv2][status] POST https://github.com/login/oauth/access_token 200
[debug] [2023-09-28T16:20:01.842Z] <<< [apiv2][body] POST https://github.com/login/oauth/access_token {"access_token":"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","token_type":"bearer","scope":"read:user,repo"}
[debug] [2023-09-28T16:20:01.847Z] >>> [apiv2][query] GET https://api.github.com/user [none]
[debug] [2023-09-28T16:20:02.539Z] <<< [apiv2][status] GET https://api.github.com/user 200
[debug] [2023-09-28T16:20:02.540Z] <<< [apiv2][body] GET https://api.github.com/user {"login":"karaquedeveloper","id":115297761,"node_id":"U_kgDOBt9N4Q","avatar_url":"https://avatars.githubusercontent.com/u/115297761?v=4","gravatar_id":"","url":"https://api.github.com/users/karaquedeveloper","html_url":"https://github.com/karaquedeveloper","followers_url":"https://api.github.com/users/karaquedeveloper/followers","following_url":"https://api.github.com/users/karaquedeveloper/following{/other_user}","gists_url":"https://api.github.com/users/karaquedeveloper/gists{/gist_id}","starred_url":"https://api.github.com/users/karaquedeveloper/starred{/owner}{/repo}","subscriptions_url":"https://api.github.com/users/karaquedeveloper/subscriptions","organizations_url":"https://api.github.com/users/karaquedeveloper/orgs","repos_url":"https://api.github.com/users/karaquedeveloper/repos","events_url":"https://api.github.com/users/karaquedeveloper/events{/privacy}","received_events_url":"https://api.github.com/users/karaquedeveloper/received_events","type":"User","site_admin":false,"name":null,"company":null,"blog":"","location":null,"email":null,"hireable":null,"bio":null,"twitter_username":null,"public_repos":1,"public_gists":0,"followers":0,"following":0,"created_at":"2022-10-07T18:15:24Z","updated_at":"2022-12-16T15:27:50Z","private_gists":0,"total_private_repos":1,"owned_private_repos":1,"disk_usage":0,"collaborators":0,"two_factor_authentication":false,"plan":{"name":"free","space":976562499,"collaborators":0,"private_repos":10000}}
[info] 
[info] +  Success! Logged into GitHub as karaquedeveloper 
[info] 
[debug] [2023-09-28T16:20:15.704Z] >>> [apiv2][query] GET https://api.github.com/repos/y/actions/secrets/public-key type=owner
[debug] [2023-09-28T16:20:16.151Z] <<< [apiv2][status] GET https://api.github.com/repos/y/actions/secrets/public-key 404
[debug] [2023-09-28T16:20:16.151Z] <<< [apiv2][body] GET https://api.github.com/repos/y/actions/secrets/public-key {"message":"Not Found","documentation_url":"https://docs.github.com/rest"}
[info] 
[info] 
[error] !  The provided authorization cannot be used with this repository. If this repository is in an organization, did you remember to grant access? 
[info] 
[info] i  Action required: Visit this URL to ensure access has been granted to the appropriate organization(s) for the Firebase CLI GitHub OAuth App: 
[info] https://github.com/settings/connections/applications/89cf50f02ac6aaed3484
[info] 
[debug] [2023-09-28T16:20:19.369Z] >>> [apiv2][query] GET https://api.github.com/repos/y/actions/secrets/public-key type=owner
[debug] [2023-09-28T16:20:19.786Z] <<< [apiv2][status] GET https://api.github.com/repos/y/actions/secrets/public-key 404
[debug] [2023-09-28T16:20:19.787Z] <<< [apiv2][body] GET https://api.github.com/repos/y/actions/secrets/public-key {"message":"Not Found","documentation_url":"https://docs.github.com/rest"}
[info] 
[info] 
[error] !  The provided authorization cannot be used with this repository. If this repository is in an organization, did you remember to grant access? 
[info] 
[info] i  Action required: Visit this URL to ensure access has been granted to the appropriate organization(s) for the Firebase CLI GitHub OAuth App: 
[info] https://github.com/settings/connections/applications/89cf50f02ac6aaed3484
[info] 
[debug] [2023-09-28T18:03:29.119Z] >>> [apiv2][query] GET https://api.github.com/repos/y/actions/secrets/public-key type=owner
[debug] [2023-09-28T18:03:29.685Z] <<< [apiv2][status] GET https://api.github.com/repos/y/actions/secrets/public-key 404
[debug] [2023-09-28T18:03:29.685Z] <<< [apiv2][body] GET https://api.github.com/repos/y/actions/secrets/public-key {"message":"Not Found","documentation_url":"https://docs.github.com/rest"}
[info] 
[info] 
[error] !  The provided authorization cannot be used with this repository. If this repository is in an organization, did you remember to grant access? 
[info] 
[info] i  Action required: Visit this URL to ensure access has been granted to the appropriate organization(s) for the Firebase CLI GitHub OAuth App: 
[info] https://github.com/settings/connections/applications/89cf50f02ac6aaed3484
[info] 
[debug] [2023-09-28T18:04:03.737Z] >>> [apiv2][query] GET https://api.github.com/repos/y/actions/secrets/public-key type=owner
[debug] [2023-09-28T18:04:04.179Z] <<< [apiv2][status] GET https://api.github.com/repos/y/actions/secrets/public-key 404
[debug] [2023-09-28T18:04:04.179Z] <<< [apiv2][body] GET https://api.github.com/repos/y/actions/secrets/public-key {"message":"Not Found","documentation_url":"https://docs.github.com/rest"}
[info] 
[info] 
[error] !  The provided authorization cannot be used with this repository. If this repository is in an organization, did you remember to grant access? 
[info] 
[info] i  Action required: Visit this URL to ensure access has been granted to the appropriate organization(s) for the Firebase CLI GitHub OAuth App: 
[info] https://github.com/settings/connections/applications/89cf50f02ac6aaed3484
[info] 
